# JRE version: OpenJDK Runtime Environment JBR-17.0.14+1-1367.22-nomod (17.0.14+1) (build 17.0.14+1-b1367.22)
# Java VM: OpenJDK 64-Bit Server VM JBR-17.0.14+1-1367.22-nomod (17.0.14+1-b1367.22, mixed mode, sharing, tiered, compressed oops, compressed class ptrs, g1 gc, windows-amd64)
GC Precious Log:
 CPUs: 20 total, 20 available
 Memory: 16068M
 Large Page Support: Disabled
 NUMA Support: Disabled
 Compressed Oops: Enabled (Zero based)
 Heap Region Size: 2M
 Heap Min Capacity: 8M
 Heap Initial Capacity: 252M
 Heap Max Capacity: 4018M
 Pre-touch: Disabled
 Parallel Workers: 15
 Concurrent Workers: 4
 Concurrent Refinement Workers: 15
 Periodic GC: Disabled
Heap:
 garbage-first heap   total 40960K, used 12687K [0x0000000704e00000, 0x0000000800000000)
  region size 2048K, 1 young (2048K), 0 survivors (0K)
 Metaspace       used 16335K, committed 16512K, reserved 1114112K
  class space    used 2339K, committed 2432K, reserved 1048576K
GC Heap History (20 events):
Event: 48.543 GC heap before
{Heap before GC invocations=5 (full 3):
 garbage-first heap   total 40960K, used 12687K [0x0000000704e00000, 0x0000000800000000)
  region size 2048K, 1 young (2048K), 0 survivors (0K)
 Metaspace       used 16304K, committed 16512K, reserved 1114112K
  class space    used 2339K, committed 2432K, reserved 1048576K
}
Event: 48.552 GC heap after
{Heap after GC invocations=6 (full 4):
 garbage-first heap   total 40960K, used 10639K [0x0000000704e00000, 0x0000000800000000)
  region size 2048K, 0 young (0K), 0 survivors (0K)
 Metaspace       used 16304K, committed 16512K, reserved 1114112K
  class space    used 2339K, committed 2432K, reserved 1048576K
}
Event: 48.838 GC heap before
{Heap before GC invocations=6 (full 4):
 garbage-first heap   total 40960K, used 10639K [0x0000000704e00000, 0x0000000800000000)
  region size 2048K, 1 young (2048K), 0 survivors (0K)
 Metaspace       used 16304K, committed 16512K, reserved 1114112K
  class space    used 2339K, committed 2432K, reserved 1048576K
}
Event: 48.848 GC heap after
{Heap after GC invocations=7 (full 5):
 garbage-first heap   total 40960K, used 10639K [0x0000000704e00000, 0x0000000800000000)
  region size 2048K, 0 young (0K), 0 survivors (0K)
 Metaspace       used 16304K, committed 16512K, reserved 1114112K
  class space    used 2339K, committed 2432K, reserved 1048576K
}
Event: 50.836 GC heap before
{Heap before GC invocations=7 (full 5):
 garbage-first heap   total 40960K, used 10639K [0x0000000704e00000, 0x0000000800000000)
  region size 2048K, 1 young (2048K), 0 survivors (0K)
 Metaspace       used 16305K, committed 16512K, reserved 1114112K
  class space    used 2339K, committed 2432K, reserved 1048576K
}
Event: 50.845 GC heap after
{Heap after GC invocations=8 (full 6):
 garbage-first heap   total 40960K, used 10638K [0x0000000704e00000, 0x0000000800000000)
  region size 2048K, 0 young (0K), 0 survivors (0K)
 Metaspace       used 16305K, committed 16512K, reserved 1114112K
  class space    used 2339K, committed 2432K, reserved 1048576K
}
Event: 51.010 GC heap before
{Heap before GC invocations=8 (full 6):
 garbage-first heap   total 40960K, used 10638K [0x0000000704e00000, 0x0000000800000000)
  region size 2048K, 1 young (2048K), 0 survivors (0K)
 Metaspace       used 16305K, committed 16512K, reserved 1114112K
  class space    used 2339K, committed 2432K, reserved 1048576K
}
Event: 51.020 GC heap after
{Heap after GC invocations=9 (full 7):
 garbage-first heap   total 40960K, used 10639K [0x0000000704e00000, 0x0000000800000000)
  region size 2048K, 0 young (0K), 0 survivors (0K)
 Metaspace       used 16305K, committed 16512K, reserved 1114112K
  class space    used 2339K, committed 2432K, reserved 1048576K
}
Event: 51.188 GC heap before
{Heap before GC invocations=9 (full 7):
 garbage-first heap   total 40960K, used 12687K [0x0000000704e00000, 0x0000000800000000)
  region size 2048K, 1 young (2048K), 0 survivors (0K)
 Metaspace       used 16306K, committed 16512K, reserved 1114112K
  class space    used 2339K, committed 2432K, reserved 1048576K
}
Event: 51.197 GC heap after
{Heap after GC invocations=10 (full 8):
 garbage-first heap   total 40960K, used 10638K [0x0000000704e00000, 0x0000000800000000)
  region size 2048K, 0 young (0K), 0 survivors (0K)
 Metaspace       used 16306K, committed 16512K, reserved 1114112K
  class space    used 2339K, committed 2432K, reserved 1048576K
}
Event: 51.225 GC heap before
{Heap before GC invocations=10 (full 8):
 garbage-first heap   total 40960K, used 10638K [0x0000000704e00000, 0x0000000800000000)
  region size 2048K, 1 young (2048K), 0 survivors (0K)
 Metaspace       used 16316K, committed 16512K, reserved 1114112K
  class space    used 2339K, committed 2432K, reserved 1048576K
}
Event: 51.234 GC heap after
{Heap after GC invocations=11 (full 9):
 garbage-first heap   total 40960K, used 10638K [0x0000000704e00000, 0x0000000800000000)
  region size 2048K, 0 young (0K), 0 survivors (0K)
 Metaspace       used 16316K, committed 16512K, reserved 1114112K
  class space    used 2339K, committed 2432K, reserved 1048576K
}
Event: 55.206 GC heap before
{Heap before GC invocations=11 (full 9):
 garbage-first heap   total 40960K, used 12686K [0x0000000704e00000, 0x0000000800000000)
  region size 2048K, 1 young (2048K), 0 survivors (0K)
 Metaspace       used 16323K, committed 16512K, reserved 1114112K
  class space    used 2339K, committed 2432K, reserved 1048576K
}
Event: 55.222 GC heap after
{Heap after GC invocations=12 (full 10):
 garbage-first heap   total 40960K, used 10639K [0x0000000704e00000, 0x0000000800000000)
  region size 2048K, 0 young (0K), 0 survivors (0K)
 Metaspace       used 16323K, committed 16512K, reserved 1114112K
  class space    used 2339K, committed 2432K, reserved 1048576K
}
Event: 55.398 GC heap before
{Heap before GC invocations=12 (full 10):
 garbage-first heap   total 40960K, used 10639K [0x0000000704e00000, 0x0000000800000000)
  region size 2048K, 1 young (2048K), 0 survivors (0K)
 Metaspace       used 16333K, committed 16512K, reserved 1114112K
  class space    used 2339K, committed 2432K, reserved 1048576K
}
Event: 55.406 GC heap after
{Heap after GC invocations=13 (full 11):
 garbage-first heap   total 40960K, used 10639K [0x0000000704e00000, 0x0000000800000000)
  region size 2048K, 0 young (0K), 0 survivors (0K)
 Metaspace       used 16333K, committed 16512K, reserved 1114112K
  class space    used 2339K, committed 2432K, reserved 1048576K
}
Event: 55.544 GC heap before
{Heap before GC invocations=13 (full 11):
 garbage-first heap   total 40960K, used 12687K [0x0000000704e00000, 0x0000000800000000)
  region size 2048K, 1 young (2048K), 0 survivors (0K)
 Metaspace       used 16335K, committed 16512K, reserved 1114112K
  class space    used 2339K, committed 2432K, reserved 1048576K
}
Event: 55.554 GC heap after
{Heap after GC invocations=14 (full 12):
 garbage-first heap   total 40960K, used 10640K [0x0000000704e00000, 0x0000000800000000)
  region size 2048K, 0 young (0K), 0 survivors (0K)
 Metaspace       used 16335K, committed 16512K, reserved 1114112K
  class space    used 2339K, committed 2432K, reserved 1048576K
}
Event: 55.574 GC heap before
{Heap before GC invocations=14 (full 12):
 garbage-first heap   total 40960K, used 10640K [0x0000000704e00000, 0x0000000800000000)
  region size 2048K, 1 young (2048K), 0 survivors (0K)
 Metaspace       used 16335K, committed 16512K, reserved 1114112K
  class space    used 2339K, committed 2432K, reserved 1048576K
}
Event: 55.583 GC heap after
{Heap after GC invocations=15 (full 13):
 garbage-first heap   total 40960K, used 10639K [0x0000000704e00000, 0x0000000800000000)
  region size 2048K, 0 young (0K), 0 survivors (0K)
 Metaspace       used 16335K, committed 16512K, reserved 1114112K
  class space    used 2339K, committed 2432K, reserved 1048576K
}

