# JRE version: OpenJDK Runtime Environment JBR-17.0.14+1-1367.22-nomod (17.0.14+1) (build 17.0.14+1-b1367.22)
# Java VM: OpenJDK 64-Bit Server VM JBR-17.0.14+1-1367.22-nomod (17.0.14+1-b1367.22, mixed mode, sharing, tiered, compressed oops, compressed class ptrs, g1 gc, windows-amd64)
GC Precious Log:
 CPUs: 20 total, 20 available
 Memory: 16068M
 Large Page Support: Disabled
 NUMA Support: Disabled
 Compressed Oops: Enabled (Zero based)
 Heap Region Size: 2M
 Heap Min Capacity: 8M
 Heap Initial Capacity: 252M
 Heap Max Capacity: 4018M
 Pre-touch: Disabled
 Parallel Workers: 15
 Concurrent Workers: 4
 Concurrent Refinement Workers: 15
 Periodic GC: Disabled
Heap:
 garbage-first heap   total 40960K, used 12681K [0x0000000704e00000, 0x0000000800000000)
  region size 2048K, 1 young (2048K), 0 survivors (0K)
 Metaspace       used 16371K, committed 16640K, reserved 1114112K
  class space    used 2336K, committed 2432K, reserved 1048576K
GC Heap History (20 events):
Event: 37.983 GC heap before
{Heap before GC invocations=3 (full 1):
 garbage-first heap   total 49152K, used 10659K [0x0000000704e00000, 0x0000000800000000)
  region size 2048K, 1 young (2048K), 0 survivors (0K)
 Metaspace       used 16366K, committed 16640K, reserved 1114112K
  class space    used 2336K, committed 2432K, reserved 1048576K
}
Event: 37.995 GC heap after
{Heap after GC invocations=4 (full 2):
 garbage-first heap   total 40960K, used 10631K [0x0000000704e00000, 0x0000000800000000)
  region size 2048K, 0 young (0K), 0 survivors (0K)
 Metaspace       used 16366K, committed 16640K, reserved 1114112K
  class space    used 2336K, committed 2432K, reserved 1048576K
}
Event: 37.996 GC heap before
{Heap before GC invocations=4 (full 2):
 garbage-first heap   total 40960K, used 10631K [0x0000000704e00000, 0x0000000800000000)
  region size 2048K, 0 young (0K), 0 survivors (0K)
 Metaspace       used 16366K, committed 16640K, reserved 1114112K
  class space    used 2336K, committed 2432K, reserved 1048576K
}
Event: 38.006 GC heap after
{Heap after GC invocations=5 (full 3):
 garbage-first heap   total 40960K, used 10631K [0x0000000704e00000, 0x0000000800000000)
  region size 2048K, 0 young (0K), 0 survivors (0K)
 Metaspace       used 16366K, committed 16640K, reserved 1114112K
  class space    used 2336K, committed 2432K, reserved 1048576K
}
Event: 38.061 GC heap before
{Heap before GC invocations=5 (full 3):
 garbage-first heap   total 40960K, used 12679K [0x0000000704e00000, 0x0000000800000000)
  region size 2048K, 1 young (2048K), 0 survivors (0K)
 Metaspace       used 16371K, committed 16640K, reserved 1114112K
  class space    used 2336K, committed 2432K, reserved 1048576K
}
Event: 38.071 GC heap after
{Heap after GC invocations=6 (full 4):
 garbage-first heap   total 40960K, used 10634K [0x0000000704e00000, 0x0000000800000000)
  region size 2048K, 0 young (0K), 0 survivors (0K)
 Metaspace       used 16371K, committed 16640K, reserved 1114112K
  class space    used 2336K, committed 2432K, reserved 1048576K
}
Event: 38.072 GC heap before
{Heap before GC invocations=6 (full 4):
 garbage-first heap   total 40960K, used 10634K [0x0000000704e00000, 0x0000000800000000)
  region size 2048K, 0 young (0K), 0 survivors (0K)
 Metaspace       used 16371K, committed 16640K, reserved 1114112K
  class space    used 2336K, committed 2432K, reserved 1048576K
}
Event: 38.082 GC heap after
{Heap after GC invocations=7 (full 5):
 garbage-first heap   total 40960K, used 10634K [0x0000000704e00000, 0x0000000800000000)
  region size 2048K, 0 young (0K), 0 survivors (0K)
 Metaspace       used 16371K, committed 16640K, reserved 1114112K
  class space    used 2336K, committed 2432K, reserved 1048576K
}
Event: 38.167 GC heap before
{Heap before GC invocations=7 (full 5):
 garbage-first heap   total 40960K, used 10634K [0x0000000704e00000, 0x0000000800000000)
  region size 2048K, 1 young (2048K), 0 survivors (0K)
 Metaspace       used 16371K, committed 16640K, reserved 1114112K
  class space    used 2336K, committed 2432K, reserved 1048576K
}
Event: 38.178 GC heap after
{Heap after GC invocations=8 (full 6):
 garbage-first heap   total 40960K, used 10634K [0x0000000704e00000, 0x0000000800000000)
  region size 2048K, 0 young (0K), 0 survivors (0K)
 Metaspace       used 16371K, committed 16640K, reserved 1114112K
  class space    used 2336K, committed 2432K, reserved 1048576K
}
Event: 38.178 GC heap before
{Heap before GC invocations=8 (full 6):
 garbage-first heap   total 40960K, used 10634K [0x0000000704e00000, 0x0000000800000000)
  region size 2048K, 0 young (0K), 0 survivors (0K)
 Metaspace       used 16371K, committed 16640K, reserved 1114112K
  class space    used 2336K, committed 2432K, reserved 1048576K
}
Event: 38.188 GC heap after
{Heap after GC invocations=9 (full 7):
 garbage-first heap   total 40960K, used 10634K [0x0000000704e00000, 0x0000000800000000)
  region size 2048K, 0 young (0K), 0 survivors (0K)
 Metaspace       used 16371K, committed 16640K, reserved 1114112K
  class space    used 2336K, committed 2432K, reserved 1048576K
}
Event: 38.211 GC heap before
{Heap before GC invocations=9 (full 7):
 garbage-first heap   total 40960K, used 10634K [0x0000000704e00000, 0x0000000800000000)
  region size 2048K, 1 young (2048K), 0 survivors (0K)
 Metaspace       used 16371K, committed 16640K, reserved 1114112K
  class space    used 2336K, committed 2432K, reserved 1048576K
}
Event: 38.221 GC heap after
{Heap after GC invocations=10 (full 8):
 garbage-first heap   total 40960K, used 10633K [0x0000000704e00000, 0x0000000800000000)
  region size 2048K, 0 young (0K), 0 survivors (0K)
 Metaspace       used 16371K, committed 16640K, reserved 1114112K
  class space    used 2336K, committed 2432K, reserved 1048576K
}
Event: 38.222 GC heap before
{Heap before GC invocations=10 (full 8):
 garbage-first heap   total 40960K, used 10633K [0x0000000704e00000, 0x0000000800000000)
  region size 2048K, 1 young (2048K), 0 survivors (0K)
 Metaspace       used 16371K, committed 16640K, reserved 1114112K
  class space    used 2336K, committed 2432K, reserved 1048576K
}
Event: 38.231 GC heap after
{Heap after GC invocations=11 (full 9):
 garbage-first heap   total 40960K, used 10634K [0x0000000704e00000, 0x0000000800000000)
  region size 2048K, 0 young (0K), 0 survivors (0K)
 Metaspace       used 16371K, committed 16640K, reserved 1114112K
  class space    used 2336K, committed 2432K, reserved 1048576K
}
Event: 38.254 GC heap before
{Heap before GC invocations=11 (full 9):
 garbage-first heap   total 40960K, used 10634K [0x0000000704e00000, 0x0000000800000000)
  region size 2048K, 1 young (2048K), 0 survivors (0K)
 Metaspace       used 16371K, committed 16640K, reserved 1114112K
  class space    used 2336K, committed 2432K, reserved 1048576K
}
Event: 38.265 GC heap after
{Heap after GC invocations=12 (full 10):
 garbage-first heap   total 40960K, used 10633K [0x0000000704e00000, 0x0000000800000000)
  region size 2048K, 0 young (0K), 0 survivors (0K)
 Metaspace       used 16371K, committed 16640K, reserved 1114112K
  class space    used 2336K, committed 2432K, reserved 1048576K
}
Event: 38.265 GC heap before
{Heap before GC invocations=12 (full 10):
 garbage-first heap   total 40960K, used 10633K [0x0000000704e00000, 0x0000000800000000)
  region size 2048K, 0 young (0K), 0 survivors (0K)
 Metaspace       used 16371K, committed 16640K, reserved 1114112K
  class space    used 2336K, committed 2432K, reserved 1048576K
}
Event: 38.275 GC heap after
{Heap after GC invocations=13 (full 11):
 garbage-first heap   total 40960K, used 10633K [0x0000000704e00000, 0x0000000800000000)
  region size 2048K, 0 young (0K), 0 survivors (0K)
 Metaspace       used 16371K, committed 16640K, reserved 1114112K
  class space    used 2336K, committed 2432K, reserved 1048576K
}

